[DEBUG][20-03-16][org.apache.ibatis.logging.LogFactory]Logging initialized using 'class org.apache.ibatis.logging.log4j.Log4jImpl' adapter.
[DEBUG][20-03-16][org.apache.ibatis.logging.LogFactory]Logging initialized using 'class org.apache.ibatis.logging.log4j.Log4jImpl' adapter.
[DEBUG][20-03-16][org.apache.ibatis.datasource.pooled.PooledDataSource]PooledDataSource forcefully closed/removed all connections.
[DEBUG][20-03-16][org.apache.ibatis.datasource.pooled.PooledDataSource]PooledDataSource forcefully closed/removed all connections.
[DEBUG][20-03-16][org.apache.ibatis.datasource.pooled.PooledDataSource]PooledDataSource forcefully closed/removed all connections.
[DEBUG][20-03-16][org.apache.ibatis.datasource.pooled.PooledDataSource]PooledDataSource forcefully closed/removed all connections.
[DEBUG][20-03-16][org.apache.ibatis.transaction.jdbc.JdbcTransaction]Opening JDBC Connection
[DEBUG][20-03-16][org.apache.ibatis.datasource.pooled.PooledDataSource]Created connection 641853239.
[DEBUG][20-03-16][org.apache.ibatis.transaction.jdbc.JdbcTransaction]Setting autocommit to false on JDBC Connection [com.mysql.jdbc.JDBC4Connection@2641e737]
[DEBUG][20-03-16][com.sandra.dao.UserMapper.getUserById]==>  Preparing: select * from mybatis.user where id = ? 
[DEBUG][20-03-16][com.sandra.dao.UserMapper.getUserById]==> Parameters: 2(Integer)
[DEBUG][20-03-16][com.sandra.dao.UserMapper.getUserById]<==      Total: 1
[DEBUG][20-03-16][org.apache.ibatis.transaction.jdbc.JdbcTransaction]Resetting autocommit to true on JDBC Connection [com.mysql.jdbc.JDBC4Connection@2641e737]
[DEBUG][20-03-16][org.apache.ibatis.transaction.jdbc.JdbcTransaction]Closing JDBC Connection [com.mysql.jdbc.JDBC4Connection@2641e737]
[DEBUG][20-03-16][org.apache.ibatis.datasource.pooled.PooledDataSource]Returned connection 641853239 to pool.
[DEBUG][20-03-16][org.apache.ibatis.logging.LogFactory]Logging initialized using 'class org.apache.ibatis.logging.log4j.Log4jImpl' adapter.
[DEBUG][20-03-16][org.apache.ibatis.logging.LogFactory]Logging initialized using 'class org.apache.ibatis.logging.log4j.Log4jImpl' adapter.
[DEBUG][20-03-16][org.apache.ibatis.datasource.pooled.PooledDataSource]PooledDataSource forcefully closed/removed all connections.
[DEBUG][20-03-16][org.apache.ibatis.datasource.pooled.PooledDataSource]PooledDataSource forcefully closed/removed all connections.
[DEBUG][20-03-16][org.apache.ibatis.datasource.pooled.PooledDataSource]PooledDataSource forcefully closed/removed all connections.
[DEBUG][20-03-16][org.apache.ibatis.datasource.pooled.PooledDataSource]PooledDataSource forcefully closed/removed all connections.
[DEBUG][20-03-16][org.apache.ibatis.transaction.jdbc.JdbcTransaction]Opening JDBC Connection
[DEBUG][20-03-16][org.apache.ibatis.datasource.pooled.PooledDataSource]Created connection 641853239.
[DEBUG][20-03-16][org.apache.ibatis.transaction.jdbc.JdbcTransaction]Setting autocommit to false on JDBC Connection [com.mysql.jdbc.JDBC4Connection@2641e737]
[DEBUG][20-03-16][com.sandra.dao.UserMapper.getUserById]==>  Preparing: select * from mybatis.user where id = ? 
[DEBUG][20-03-16][com.sandra.dao.UserMapper.getUserById]==> Parameters: 2(Integer)
[DEBUG][20-03-16][com.sandra.dao.UserMapper.getUserById]<==      Total: 1
[DEBUG][20-03-16][org.apache.ibatis.transaction.jdbc.JdbcTransaction]Resetting autocommit to true on JDBC Connection [com.mysql.jdbc.JDBC4Connection@2641e737]
[DEBUG][20-03-16][org.apache.ibatis.transaction.jdbc.JdbcTransaction]Closing JDBC Connection [com.mysql.jdbc.JDBC4Connection@2641e737]
[DEBUG][20-03-16][org.apache.ibatis.datasource.pooled.PooledDataSource]Returned connection 641853239 to pool.
[DEBUG][20-03-16][org.apache.ibatis.logging.LogFactory]Logging initialized using 'class org.apache.ibatis.logging.log4j.Log4jImpl' adapter.
[DEBUG][20-03-16][org.apache.ibatis.logging.LogFactory]Logging initialized using 'class org.apache.ibatis.logging.log4j.Log4jImpl' adapter.
[DEBUG][20-03-16][org.apache.ibatis.datasource.pooled.PooledDataSource]PooledDataSource forcefully closed/removed all connections.
[DEBUG][20-03-16][org.apache.ibatis.datasource.pooled.PooledDataSource]PooledDataSource forcefully closed/removed all connections.
[DEBUG][20-03-16][org.apache.ibatis.datasource.pooled.PooledDataSource]PooledDataSource forcefully closed/removed all connections.
[DEBUG][20-03-16][org.apache.ibatis.datasource.pooled.PooledDataSource]PooledDataSource forcefully closed/removed all connections.
[DEBUG][20-03-16][org.apache.ibatis.transaction.jdbc.JdbcTransaction]Opening JDBC Connection
[DEBUG][20-03-16][org.apache.ibatis.datasource.pooled.PooledDataSource]Created connection 641853239.
[DEBUG][20-03-16][org.apache.ibatis.transaction.jdbc.JdbcTransaction]Setting autocommit to false on JDBC Connection [com.mysql.jdbc.JDBC4Connection@2641e737]
[DEBUG][20-03-16][com.sandra.dao.UserMapper.getUserById]==>  Preparing: select * from mybatis.user where id = ? 
[DEBUG][20-03-16][com.sandra.dao.UserMapper.getUserById]==> Parameters: 2(Integer)
[DEBUG][20-03-16][com.sandra.dao.UserMapper.getUserById]<==      Total: 1
[DEBUG][20-03-16][org.apache.ibatis.transaction.jdbc.JdbcTransaction]Resetting autocommit to true on JDBC Connection [com.mysql.jdbc.JDBC4Connection@2641e737]
[DEBUG][20-03-16][org.apache.ibatis.transaction.jdbc.JdbcTransaction]Closing JDBC Connection [com.mysql.jdbc.JDBC4Connection@2641e737]
[DEBUG][20-03-16][org.apache.ibatis.datasource.pooled.PooledDataSource]Returned connection 641853239 to pool.
[DEBUG][20-03-16][org.apache.ibatis.logging.LogFactory]Logging initialized using 'class org.apache.ibatis.logging.log4j.Log4jImpl' adapter.
[DEBUG][20-03-16][org.apache.ibatis.logging.LogFactory]Logging initialized using 'class org.apache.ibatis.logging.log4j.Log4jImpl' adapter.
[DEBUG][20-03-16][org.apache.ibatis.datasource.pooled.PooledDataSource]PooledDataSource forcefully closed/removed all connections.
[DEBUG][20-03-16][org.apache.ibatis.datasource.pooled.PooledDataSource]PooledDataSource forcefully closed/removed all connections.
[DEBUG][20-03-16][org.apache.ibatis.datasource.pooled.PooledDataSource]PooledDataSource forcefully closed/removed all connections.
[DEBUG][20-03-16][org.apache.ibatis.datasource.pooled.PooledDataSource]PooledDataSource forcefully closed/removed all connections.
[DEBUG][20-03-16][org.apache.ibatis.transaction.jdbc.JdbcTransaction]Opening JDBC Connection
[DEBUG][20-03-16][org.apache.ibatis.datasource.pooled.PooledDataSource]Created connection 641853239.
[DEBUG][20-03-16][org.apache.ibatis.transaction.jdbc.JdbcTransaction]Setting autocommit to false on JDBC Connection [com.mysql.jdbc.JDBC4Connection@2641e737]
[DEBUG][20-03-16][com.sandra.dao.UserMapper.getUserById]==>  Preparing: select * from mybatis.user where id = ? 
[DEBUG][20-03-16][com.sandra.dao.UserMapper.getUserById]==> Parameters: 2(Integer)
[DEBUG][20-03-16][com.sandra.dao.UserMapper.getUserById]<==      Total: 1
[DEBUG][20-03-16][org.apache.ibatis.transaction.jdbc.JdbcTransaction]Resetting autocommit to true on JDBC Connection [com.mysql.jdbc.JDBC4Connection@2641e737]
[DEBUG][20-03-16][org.apache.ibatis.transaction.jdbc.JdbcTransaction]Closing JDBC Connection [com.mysql.jdbc.JDBC4Connection@2641e737]
[DEBUG][20-03-16][org.apache.ibatis.datasource.pooled.PooledDataSource]Returned connection 641853239 to pool.
[INFO][20-03-16][com.sandra.dao.UserMapperTest]info：进入了testLog4j
[DEBUG][20-03-16][com.sandra.dao.UserMapperTest]debug：进入了testLog4j
[ERROR][20-03-16][com.sandra.dao.UserMapperTest]error：进入了testLog4j
