[DEBUG][20-03-17][org.apache.ibatis.logging.LogFactory]Logging initialized using 'class org.apache.ibatis.logging.log4j.Log4jImpl' adapter.
[DEBUG][20-03-17][org.apache.ibatis.logging.LogFactory]Logging initialized using 'class org.apache.ibatis.logging.log4j.Log4jImpl' adapter.
[DEBUG][20-03-17][org.apache.ibatis.datasource.pooled.PooledDataSource]PooledDataSource forcefully closed/removed all connections.
[DEBUG][20-03-17][org.apache.ibatis.datasource.pooled.PooledDataSource]PooledDataSource forcefully closed/removed all connections.
[DEBUG][20-03-17][org.apache.ibatis.datasource.pooled.PooledDataSource]PooledDataSource forcefully closed/removed all connections.
[DEBUG][20-03-17][org.apache.ibatis.datasource.pooled.PooledDataSource]PooledDataSource forcefully closed/removed all connections.
[DEBUG][20-03-17][org.apache.ibatis.transaction.jdbc.JdbcTransaction]Opening JDBC Connection
[DEBUG][20-03-17][org.apache.ibatis.datasource.pooled.PooledDataSource]Created connection 213193302.
[DEBUG][20-03-17][org.apache.ibatis.transaction.jdbc.JdbcTransaction]Setting autocommit to false on JDBC Connection [com.mysql.jdbc.JDBC4Connection@cb51256]
[DEBUG][20-03-17][com.sandra.dao.UserMapper.getUserById]==>  Preparing: select * from mybatis.user where id=? 
[DEBUG][20-03-17][com.sandra.dao.UserMapper.getUserById]==> Parameters: 2(Integer)
[DEBUG][20-03-17][com.sandra.dao.UserMapper.getUserById]<==      Total: 1
[DEBUG][20-03-17][org.apache.ibatis.transaction.jdbc.JdbcTransaction]Resetting autocommit to true on JDBC Connection [com.mysql.jdbc.JDBC4Connection@cb51256]
[DEBUG][20-03-17][org.apache.ibatis.transaction.jdbc.JdbcTransaction]Closing JDBC Connection [com.mysql.jdbc.JDBC4Connection@cb51256]
[DEBUG][20-03-17][org.apache.ibatis.datasource.pooled.PooledDataSource]Returned connection 213193302 to pool.
[DEBUG][20-03-17][org.apache.ibatis.logging.LogFactory]Logging initialized using 'class org.apache.ibatis.logging.log4j.Log4jImpl' adapter.
[DEBUG][20-03-17][org.apache.ibatis.logging.LogFactory]Logging initialized using 'class org.apache.ibatis.logging.log4j.Log4jImpl' adapter.
[DEBUG][20-03-17][org.apache.ibatis.datasource.pooled.PooledDataSource]PooledDataSource forcefully closed/removed all connections.
[DEBUG][20-03-17][org.apache.ibatis.datasource.pooled.PooledDataSource]PooledDataSource forcefully closed/removed all connections.
[DEBUG][20-03-17][org.apache.ibatis.datasource.pooled.PooledDataSource]PooledDataSource forcefully closed/removed all connections.
[DEBUG][20-03-17][org.apache.ibatis.datasource.pooled.PooledDataSource]PooledDataSource forcefully closed/removed all connections.
[DEBUG][20-03-17][org.apache.ibatis.transaction.jdbc.JdbcTransaction]Opening JDBC Connection
[DEBUG][20-03-17][org.apache.ibatis.datasource.pooled.PooledDataSource]Created connection 2035616217.
[DEBUG][20-03-17][org.apache.ibatis.transaction.jdbc.JdbcTransaction]Setting autocommit to false on JDBC Connection [com.mysql.jdbc.JDBC4Connection@795509d9]
[DEBUG][20-03-17][com.sandra.dao.UserMapper.getUserById]==>  Preparing: select * from mybatis.user where id=? 
[DEBUG][20-03-17][com.sandra.dao.UserMapper.getUserById]==> Parameters: 2(Integer)
[DEBUG][20-03-17][com.sandra.dao.UserMapper.getUserById]<==      Total: 1
[DEBUG][20-03-17][org.apache.ibatis.transaction.jdbc.JdbcTransaction]Resetting autocommit to true on JDBC Connection [com.mysql.jdbc.JDBC4Connection@795509d9]
[DEBUG][20-03-17][org.apache.ibatis.transaction.jdbc.JdbcTransaction]Closing JDBC Connection [com.mysql.jdbc.JDBC4Connection@795509d9]
[DEBUG][20-03-17][org.apache.ibatis.datasource.pooled.PooledDataSource]Returned connection 2035616217 to pool.
[DEBUG][20-03-17][org.apache.ibatis.logging.LogFactory]Logging initialized using 'class org.apache.ibatis.logging.log4j.Log4jImpl' adapter.
[DEBUG][20-03-17][org.apache.ibatis.logging.LogFactory]Logging initialized using 'class org.apache.ibatis.logging.log4j.Log4jImpl' adapter.
[DEBUG][20-03-17][org.apache.ibatis.datasource.pooled.PooledDataSource]PooledDataSource forcefully closed/removed all connections.
[DEBUG][20-03-17][org.apache.ibatis.datasource.pooled.PooledDataSource]PooledDataSource forcefully closed/removed all connections.
[DEBUG][20-03-17][org.apache.ibatis.datasource.pooled.PooledDataSource]PooledDataSource forcefully closed/removed all connections.
[DEBUG][20-03-17][org.apache.ibatis.datasource.pooled.PooledDataSource]PooledDataSource forcefully closed/removed all connections.
[DEBUG][20-03-17][org.apache.ibatis.transaction.jdbc.JdbcTransaction]Opening JDBC Connection
[DEBUG][20-03-17][org.apache.ibatis.datasource.pooled.PooledDataSource]Created connection 1166151249.
[DEBUG][20-03-17][com.sandra.dao.UserMapper.addUser]==>  Preparing: insert into mybatis.user (id, name, pwd) values (?, ?, ?) 
[DEBUG][20-03-17][com.sandra.dao.UserMapper.addUser]==> Parameters: 5(Integer), 乔峰(String), 666(String)
[DEBUG][20-03-17][com.sandra.dao.UserMapper.addUser]<==    Updates: 1
[DEBUG][20-03-17][org.apache.ibatis.transaction.jdbc.JdbcTransaction]Closing JDBC Connection [com.mysql.jdbc.JDBC4Connection@45820e51]
[DEBUG][20-03-17][org.apache.ibatis.datasource.pooled.PooledDataSource]Returned connection 1166151249 to pool.
[DEBUG][20-03-17][org.apache.ibatis.logging.LogFactory]Logging initialized using 'class org.apache.ibatis.logging.log4j.Log4jImpl' adapter.
[DEBUG][20-03-17][org.apache.ibatis.logging.LogFactory]Logging initialized using 'class org.apache.ibatis.logging.log4j.Log4jImpl' adapter.
[DEBUG][20-03-17][org.apache.ibatis.datasource.pooled.PooledDataSource]PooledDataSource forcefully closed/removed all connections.
[DEBUG][20-03-17][org.apache.ibatis.datasource.pooled.PooledDataSource]PooledDataSource forcefully closed/removed all connections.
[DEBUG][20-03-17][org.apache.ibatis.datasource.pooled.PooledDataSource]PooledDataSource forcefully closed/removed all connections.
[DEBUG][20-03-17][org.apache.ibatis.datasource.pooled.PooledDataSource]PooledDataSource forcefully closed/removed all connections.
[DEBUG][20-03-17][org.apache.ibatis.transaction.jdbc.JdbcTransaction]Opening JDBC Connection
[DEBUG][20-03-17][org.apache.ibatis.datasource.pooled.PooledDataSource]Created connection 2619171.
[DEBUG][20-03-17][com.sandra.dao.UserMapper.getUserById]==>  Preparing: select * from mybatis.user where id=? 
[DEBUG][20-03-17][com.sandra.dao.UserMapper.getUserById]==> Parameters: 2(Integer)
[DEBUG][20-03-17][com.sandra.dao.UserMapper.getUserById]<==      Total: 1
[DEBUG][20-03-17][org.apache.ibatis.transaction.jdbc.JdbcTransaction]Closing JDBC Connection [com.mysql.jdbc.JDBC4Connection@27f723]
[DEBUG][20-03-17][org.apache.ibatis.datasource.pooled.PooledDataSource]Returned connection 2619171 to pool.
